<?xml version="1.0" encoding="UTF-8"?>
<!-- Generated by org.testng.reporters.JUnitReportReporter -->
<testsuite skipped="0" hostname="LAPTOP-1826LOER" name="com.acti.base.DriverScript" tests="1" failures="0" timestamp="31 Jul 2021 02:27:29 GMT" time="4.775" errors="0">
  <testcase name="initApplication" time="4.775" classname="com.acti.base.DriverScript"/>
</testsuite> <!-- com.acti.base.DriverScript -->
