<?xml version="1.0" encoding="UTF-8"?>
<!-- Generated by org.testng.reporters.JUnitReportReporter -->
<testsuite skipped="1" hostname="LAPTOP-1826LOER" name="com.acti.testcase.TaskPageTest" tests="1" failures="0" timestamp="4 Aug 2021 01:52:52 GMT" time="0.000" errors="0">
  <testcase name="testCreateCustomer" time="0.000" classname="com.acti.testcase.TaskPageTest">
    <skipped/>
  </testcase> <!-- testCreateCustomer -->
</testsuite> <!-- com.acti.testcase.TaskPageTest -->
